<?xml version="1.0" encoding="UTF-8"?>
<!-- Generated by org.testng.reporters.JUnitReportReporter -->
<testsuite hostname="DESKTOP-H3RUEP8" name="com.training.sanity.tests.UFM_007_Test" tests="5" failures="0" timestamp="11 Sep 2019 08:23:49 GMT" time="5.687" errors="0">
  <testcase name="Step3" time="0.169" classname="com.training.sanity.tests.UFM_007_Test"/>
  <testcase name="Step4" time="1.749" classname="com.training.sanity.tests.UFM_007_Test"/>
  <testcase name="Step1" time="0.781" classname="com.training.sanity.tests.UFM_007_Test"/>
  <testcase name="Step2" time="0.230" classname="com.training.sanity.tests.UFM_007_Test"/>
  <testcase name="validLoginTest" time="2.758" classname="com.training.sanity.tests.UFM_007_Test"/>
</testsuite> <!-- com.training.sanity.tests.UFM_007_Test -->
