<?xml version="1.0" encoding="UTF-8"?>
<!-- Generated by org.testng.reporters.JUnitReportReporter -->
<testsuite hostname="DESKTOP-H3RUEP8" name="com.training.regression.tests.LoginDBTest" tests="2" failures="0" timestamp="25 Sep 2019 20:26:06 GMT" time="26.462" errors="0">
  <testcase name="loginDBTest" time="11.354" classname="com.training.regression.tests.LoginDBTest"/>
  <testcase name="loginDBTest" time="15.108" classname="com.training.regression.tests.LoginDBTest"/>
</testsuite> <!-- com.training.regression.tests.LoginDBTest -->
