<?xml version="1.0" encoding="UTF-8"?>
<!-- Generated by org.testng.reporters.JUnitReportReporter -->
<testsuite hostname="DESKTOP-H3RUEP8" name="com.training.regression.tests.UNF_069Test" tests="2" failures="0" timestamp="26 Sep 2019 19:22:26 GMT" time="19.936" errors="0">
  <testcase name="loginDBTest" time="3.541" classname="com.training.regression.tests.UNF_069Test"/>
  <testcase name="productTest" time="16.395" classname="com.training.regression.tests.UNF_069Test"/>
</testsuite> <!-- com.training.regression.tests.UNF_069Test -->
