<?xml version="1.0" encoding="UTF-8"?>
<!-- Generated by org.testng.reporters.JUnitReportReporter -->
<testsuite hostname="DESKTOP-H3RUEP8" name="com.training.sanity.tests.UFM_008_Test" tests="4" failures="0" timestamp="11 Sep 2019 08:24:50 GMT" time="12.306" errors="0">
  <testcase name="Step3" time="0.478" classname="com.training.sanity.tests.UFM_008_Test"/>
  <testcase name="Step1" time="7.702" classname="com.training.sanity.tests.UFM_008_Test"/>
  <testcase name="Step2" time="2.449" classname="com.training.sanity.tests.UFM_008_Test"/>
  <testcase name="Step4" time="1.677" classname="com.training.sanity.tests.UFM_008_Test"/>
</testsuite> <!-- com.training.sanity.tests.UFM_008_Test -->
