<?xml version="1.0" encoding="UTF-8"?>
<!-- Generated by org.testng.reporters.JUnitReportReporter -->
<testsuite hostname="DESKTOP-H3RUEP8" name="com.training.sanity.tests.UFM_008_Test" tests="4" failures="0" timestamp="3 Sep 2019 19:17:17 GMT" time="11.459" errors="0">
  <testcase name="Step1" time="6.944" classname="com.training.sanity.tests.UFM_008_Test"/>
  <testcase name="Step3" time="0.424" classname="com.training.sanity.tests.UFM_008_Test"/>
  <testcase name="Step2" time="2.396" classname="com.training.sanity.tests.UFM_008_Test"/>
  <testcase name="Step4" time="1.695" classname="com.training.sanity.tests.UFM_008_Test"/>
</testsuite> <!-- com.training.sanity.tests.UFM_008_Test -->
