<?xml version="1.0" encoding="UTF-8"?>
<!-- Generated by org.testng.reporters.JUnitReportReporter -->
<testsuite hostname="DESKTOP-H3RUEP8" name="com.training.sanity.tests.UNF_037_Test" tests="3" failures="0" timestamp="15 Sep 2019 18:02:53 GMT" time="1.199" errors="0">
  <testcase name="Step2" time="0.354" classname="com.training.sanity.tests.UNF_037_Test"/>
  <testcase name="Step3" time="0.596" classname="com.training.sanity.tests.UNF_037_Test"/>
  <testcase name="Step1" time="0.249" classname="com.training.sanity.tests.UNF_037_Test"/>
</testsuite> <!-- com.training.sanity.tests.UNF_037_Test -->
