<?xml version="1.0" encoding="UTF-8"?>
<!-- Generated by org.testng.reporters.JUnitReportReporter -->
<testsuite hostname="DESKTOP-H3RUEP8" name="com.training.regression.tests.UNF_067Test" tests="2" failures="0" timestamp="26 Sep 2019 17:12:40 GMT" time="13.132" errors="0">
  <testcase name="loginDBTest" time="2.651" classname="com.training.regression.tests.UNF_067Test"/>
  <testcase name="productTest" time="10.481" classname="com.training.regression.tests.UNF_067Test"/>
</testsuite> <!-- com.training.regression.tests.UNF_067Test -->
