<?xml version="1.0" encoding="UTF-8"?>
<!-- Generated by org.testng.reporters.JUnitReportReporter -->
<testsuite hostname="DESKTOP-H3RUEP8" name="com.training.sanity.tests.UNF_009_Test" tests="5" failures="0" timestamp="11 Sep 2019 08:25:38 GMT" time="13.593" errors="0">
  <testcase name="Step5" time="1.002" classname="com.training.sanity.tests.UNF_009_Test"/>
  <testcase name="Step2" time="2.543" classname="com.training.sanity.tests.UNF_009_Test"/>
  <testcase name="Step3" time="0.511" classname="com.training.sanity.tests.UNF_009_Test"/>
  <testcase name="Step4" time="1.716" classname="com.training.sanity.tests.UNF_009_Test"/>
  <testcase name="Step1" time="7.821" classname="com.training.sanity.tests.UNF_009_Test"/>
</testsuite> <!-- com.training.sanity.tests.UNF_009_Test -->
