<?xml version="1.0" encoding="UTF-8"?>
<!-- Generated by org.testng.reporters.JUnitReportReporter -->
<testsuite hostname="DESKTOP-H3RUEP8" name="com.training.sanity.tests.UNF_039_Test" tests="10" failures="0" timestamp="15 Sep 2019 23:23:04 GMT" time="22.891" errors="0">
  <testcase name="Step5" time="0.176" classname="com.training.sanity.tests.UNF_039_Test"/>
  <testcase name="Step8" time="0.795" classname="com.training.sanity.tests.UNF_039_Test"/>
  <testcase name="Step2" time="1.635" classname="com.training.sanity.tests.UNF_039_Test"/>
  <testcase name="addCategory" time="7.409" classname="com.training.sanity.tests.UNF_039_Test"/>
  <testcase name="Step7" time="1.663" classname="com.training.sanity.tests.UNF_039_Test"/>
  <testcase name="validLoginTest" time="7.055" classname="com.training.sanity.tests.UNF_039_Test"/>
  <testcase name="Step4" time="1.075" classname="com.training.sanity.tests.UNF_039_Test"/>
  <testcase name="Step6" time="0.236" classname="com.training.sanity.tests.UNF_039_Test"/>
  <testcase name="Step1" time="1.231" classname="com.training.sanity.tests.UNF_039_Test"/>
  <testcase name="Step3" time="1.616" classname="com.training.sanity.tests.UNF_039_Test"/>
</testsuite> <!-- com.training.sanity.tests.UNF_039_Test -->
