<?xml version="1.0" encoding="UTF-8"?>
<!-- Generated by org.testng.reporters.JUnitReportReporter -->
<testsuite hostname="DESKTOP-H3RUEP8" name="com.training.regression.tests.UNF_068Test" tests="2" failures="0" timestamp="26 Sep 2019 18:58:38 GMT" time="19.507" errors="0">
  <testcase name="productTest" time="16.994" classname="com.training.regression.tests.UNF_068Test"/>
  <testcase name="loginDBTest" time="2.513" classname="com.training.regression.tests.UNF_068Test"/>
</testsuite> <!-- com.training.regression.tests.UNF_068Test -->
