<?xml version="1.0" encoding="UTF-8"?>
<!-- Generated by org.testng.reporters.JUnitReportReporter -->
<testsuite hostname="DESKTOP-H3RUEP8" name="com.training.regression.tests.UNF_069ExcelTest" tests="2" failures="0" timestamp="26 Sep 2019 19:59:06 GMT" time="22.063" errors="0">
  <testcase name="productTest" time="18.927" classname="com.training.regression.tests.UNF_069ExcelTest"/>
  <testcase name="loginDBTest" time="3.136" classname="com.training.regression.tests.UNF_069ExcelTest"/>
</testsuite> <!-- com.training.regression.tests.UNF_069ExcelTest -->
