<?xml version="1.0" encoding="UTF-8"?>
<!-- Generated by org.testng.reporters.JUnitReportReporter -->
<testsuite hostname="DESKTOP-H3RUEP8" name="com.training.regression.tests.LoginExcelTest" tests="2" failures="0" timestamp="17 Sep 2019 19:42:18 GMT" time="25.217" errors="0">
  <testcase name="loginDBTest" time="14.813" classname="com.training.regression.tests.LoginExcelTest"/>
  <testcase name="loginDBTest" time="10.404" classname="com.training.regression.tests.LoginExcelTest"/>
</testsuite> <!-- com.training.regression.tests.LoginExcelTest -->
