<?xml version="1.0" encoding="UTF-8"?>
<!-- Generated by org.testng.reporters.JUnitReportReporter -->
<testsuite hostname="DESKTOP-H3RUEP8" name="com.training.sanity.tests.UNF_038_Test" tests="10" failures="0" timestamp="15 Sep 2019 23:16:48 GMT" time="11.332" errors="0">
  <testcase name="validLoginTest" time="1.689" classname="com.training.sanity.tests.UNF_038_Test"/>
  <testcase name="Step5" time="0.566" classname="com.training.sanity.tests.UNF_038_Test"/>
  <testcase name="Step6" time="0.329" classname="com.training.sanity.tests.UNF_038_Test"/>
  <testcase name="Step9" time="0.840" classname="com.training.sanity.tests.UNF_038_Test"/>
  <testcase name="Step4" time="1.279" classname="com.training.sanity.tests.UNF_038_Test"/>
  <testcase name="Step7" time="0.314" classname="com.training.sanity.tests.UNF_038_Test"/>
  <testcase name="Step1" time="1.284" classname="com.training.sanity.tests.UNF_038_Test"/>
  <testcase name="Step3" time="1.714" classname="com.training.sanity.tests.UNF_038_Test"/>
  <testcase name="Step2" time="1.616" classname="com.training.sanity.tests.UNF_038_Test"/>
  <testcase name="Step8" time="1.701" classname="com.training.sanity.tests.UNF_038_Test"/>
</testsuite> <!-- com.training.sanity.tests.UNF_038_Test -->
