<?xml version="1.0" encoding="UTF-8"?>
<!-- Generated by org.testng.reporters.JUnitReportReporter -->
<testsuite hostname="DESKTOP-H3RUEP8" name="com.training.sanity.tests.LoginTests" tests="1" failures="0" timestamp="2 Sep 2019 18:01:11 GMT" time="13.618" errors="0">
  <testcase name="validLoginTest" time="13.618" classname="com.training.sanity.tests.LoginTests"/>
</testsuite> <!-- com.training.sanity.tests.LoginTests -->
