<?xml version="1.0" encoding="UTF-8"?>
<!-- Generated by org.testng.reporters.JUnitReportReporter -->
<testsuite hostname="DESKTOP-H3RUEP8" name="com.training.sanity.tests.UFM_007_Test" tests="5" failures="0" timestamp="3 Sep 2019 07:31:45 GMT" time="5.913" errors="0">
  <testcase name="validLoginTest" time="2.848" classname="com.training.sanity.tests.UFM_007_Test"/>
  <testcase name="Step3" time="0.186" classname="com.training.sanity.tests.UFM_007_Test"/>
  <testcase name="Step4" time="1.807" classname="com.training.sanity.tests.UFM_007_Test"/>
  <testcase name="Step1" time="0.805" classname="com.training.sanity.tests.UFM_007_Test"/>
  <testcase name="Step2" time="0.267" classname="com.training.sanity.tests.UFM_007_Test"/>
</testsuite> <!-- com.training.sanity.tests.UFM_007_Test -->
